<?xml version="1.0" encoding="UTF-8"?>
<!-- Generated by org.testng.reporters.JUnitReportReporter -->
<testsuite hostname="samet-PC" failures="0" tests="2" name="tests.interaction.DraggableTest" time="25.379" errors="0" timestamp="2021-01-09T01:38:00 CET" skipped="0">
  <testcase classname="tests.interaction.DraggableTest" name="Test02constrainMovement" time="16.674"/>
  <system-out/>
  <testcase classname="tests.interaction.DraggableTest" name="Test01defaultFunctionality" time="8.705"/>
  <system-out/>
</testsuite> <!-- tests.interaction.DraggableTest -->
