<?xml version="1.0" encoding="UTF-8"?>
<!-- Generated by org.testng.reporters.JUnitReportReporter -->
<testsuite hostname="samet-PC" failures="0" tests="1" name="tests.interaction.DroppableTest" time="18.130" errors="0" timestamp="2021-01-11T11:26:11 CET" skipped="0">
  <testcase classname="tests.interaction.DroppableTest" name="dropableDefaultFunctionality" time="18.130"/>
  <system-out/>
</testsuite> <!-- tests.interaction.DroppableTest -->
