<?xml version="1.0" encoding="UTF-8"?>
<!-- Generated by org.testng.reporters.JUnitReportReporter -->
<testsuite hostname="samet-PC" failures="0" tests="4" name="tests.easiyseleniumtest.DropdownTest" time="48.127" errors="0" timestamp="2021-03-12T21:04:52 CET" skipped="0">
  <testcase classname="tests.easiyseleniumtest.DropdownTest" name="TC02003" time="15.122"/>
  <system-out/>
  <testcase classname="tests.easiyseleniumtest.DropdownTest" name="TC02001" time="5.552"/>
  <system-out/>
  <testcase classname="tests.easiyseleniumtest.DropdownTest" name="TC02002" time="14.174"/>
  <system-out/>
  <testcase classname="tests.easiyseleniumtest.DropdownTest" name="TC02004" time="13.279"/>
  <system-out/>
</testsuite> <!-- tests.easiyseleniumtest.DropdownTest -->
