<?xml version="1.0" encoding="UTF-8"?>
<!-- Generated by org.testng.reporters.JUnitReportReporter -->
<testsuite hostname="samet-PC" failures="0" tests="4" name="tests.easiyseleniumtest.AlertsTest" time="28.420" errors="0" timestamp="2021-03-12T21:04:52 CET" skipped="0">
  <testcase classname="tests.easiyseleniumtest.AlertsTest" name="TC0301" time="6.214"/>
  <system-out/>
  <testcase classname="tests.easiyseleniumtest.AlertsTest" name="TC0304" time="7.628"/>
  <system-out/>
  <testcase classname="tests.easiyseleniumtest.AlertsTest" name="TC0302" time="8.034"/>
  <system-out/>
  <testcase classname="tests.easiyseleniumtest.AlertsTest" name="TC0303" time="6.544"/>
  <system-out/>
</testsuite> <!-- tests.easiyseleniumtest.AlertsTest -->
