<?xml version="1.0" encoding="UTF-8"?>
<!-- Generated by org.testng.reporters.JUnitReportReporter -->
<testsuite hostname="samet-PC" failures="0" tests="3" name="tests.interaction.DraggableTest" time="54.056" errors="0" timestamp="2021-01-11T11:26:11 CET" skipped="0">
  <testcase classname="tests.interaction.DraggableTest" name="Test01defaultFunctionality" time="9.167"/>
  <system-out/>
  <testcase classname="tests.interaction.DraggableTest" name="Test03CursorStyle" time="16.521"/>
  <system-out/>
  <testcase classname="tests.interaction.DraggableTest" name="Test02constrainMovement" time="28.368"/>
  <system-out/>
</testsuite> <!-- tests.interaction.DraggableTest -->
