<?xml version="1.0" encoding="UTF-8"?>
<!-- Generated by org.testng.reporters.JUnitReportReporter -->
<testsuite hostname="samet-PC" failures="0" tests="3" name="tests.interaction.DraggableTest" time="41.829" errors="0" timestamp="2021-01-11T11:53:16 CET" skipped="0">
  <testcase classname="tests.interaction.DraggableTest" name="Test01defaultFunctionality" time="8.989"/>
  <system-out/>
  <testcase classname="tests.interaction.DraggableTest" name="Test02constrainMovement" time="16.889"/>
  <system-out/>
  <testcase classname="tests.interaction.DraggableTest" name="Test03CursorStyle" time="15.951"/>
  <system-out/>
</testsuite> <!-- tests.interaction.DraggableTest -->
