<?xml version="1.0" encoding="UTF-8"?>
<!-- Generated by org.testng.reporters.JUnitReportReporter -->
<testsuite hostname="samet-PC" failures="0" tests="1" name="tests.JobHeroTest" time="12.064" errors="0" timestamp="2021-01-11T11:53:16 CET" skipped="0">
  <testcase classname="tests.JobHeroTest" name="test01" time="12.064"/>
  <system-out/>
</testsuite> <!-- tests.JobHeroTest -->
