<?xml version="1.0" encoding="UTF-8"?>
<!-- Generated by org.testng.reporters.JUnitReportReporter -->
<testsuite hostname="samet-PC" failures="0" tests="2" name="tests.AccordionTest" time="39.606" errors="0" timestamp="2021-03-12T21:04:52 CET" skipped="0">
  <testcase classname="tests.AccordionTest" name="fillSpace" time="18.214"/>
  <system-out/>
  <testcase classname="tests.AccordionTest" name="customizeIcons" time="21.392"/>
  <system-out/>
</testsuite> <!-- tests.AccordionTest -->
