<?xml version="1.0" encoding="UTF-8"?>
<!-- Generated by org.testng.reporters.JUnitReportReporter -->
<testsuite hostname="samet-PC" failures="0" tests="8" name="tests.KitapyurduTest" time="120.234" errors="0" timestamp="2021-01-11T11:53:16 CET" skipped="0">
  <testcase classname="tests.KitapyurduTest" name="TC04" time="13.247"/>
  <system-out/>
  <testcase classname="tests.KitapyurduTest" name="TC07" time="29.610"/>
  <system-out/>
  <testcase classname="tests.KitapyurduTest" name="TC05" time="11.080"/>
  <system-out/>
  <testcase classname="tests.KitapyurduTest" name="TC01" time="8.563"/>
  <system-out/>
  <testcase classname="tests.KitapyurduTest" name="TC08" time="27.266"/>
  <system-out/>
  <testcase classname="tests.KitapyurduTest" name="TC02" time="15.264"/>
  <system-out/>
  <testcase classname="tests.KitapyurduTest" name="TC06" time="3.936"/>
  <system-out/>
  <testcase classname="tests.KitapyurduTest" name="TC03" time="11.268"/>
  <system-out/>
</testsuite> <!-- tests.KitapyurduTest -->
