<?xml version="1.0" encoding="UTF-8"?>
<!-- Generated by org.testng.reporters.JUnitReportReporter -->
<testsuite hostname="samet-PC" failures="0" tests="1" name="tests.interaction.DroppableTest" time="16.880" errors="0" timestamp="2021-01-09T01:38:00 CET" skipped="0">
  <testcase classname="tests.interaction.DroppableTest" name="dropableDefaultFunctionality" time="16.880"/>
  <system-out/>
</testsuite> <!-- tests.interaction.DroppableTest -->
