<?xml version="1.0" encoding="UTF-8"?>
<!-- Generated by org.testng.reporters.JUnitReportReporter -->
<testsuite hostname="samet-PC" failures="0" tests="2" name="tests.ResizableTest" time="35.559" errors="0" timestamp="2021-03-12T21:04:52 CET" skipped="0">
  <testcase classname="tests.ResizableTest" name="defaultFuncionality" time="17.363"/>
  <system-out/>
  <testcase classname="tests.ResizableTest" name="animate" time="18.196"/>
  <system-out/>
</testsuite> <!-- tests.ResizableTest -->
