<?xml version="1.0" encoding="UTF-8"?>
<!-- Generated by org.testng.reporters.JUnitReportReporter -->
<testsuite hostname="samet-PC" failures="0" tests="2" name="tests.DatePickerTest" time="71.493" errors="0" timestamp="2021-03-12T21:04:52 CET" skipped="0">
  <testcase classname="tests.DatePickerTest" name="animationsTest" time="21.302"/>
  <system-out/>
  <testcase classname="tests.DatePickerTest" name="displayMonthAndYearTest" time="50.191"/>
  <system-out/>
</testsuite> <!-- tests.DatePickerTest -->
