<?xml version="1.0" encoding="UTF-8"?>
<!-- Generated by org.testng.reporters.JUnitReportReporter -->
<testsuite hostname="samet-PC" failures="0" tests="8" name="tests.KitapyurduTest" time="177.249" errors="0" timestamp="2021-01-13T22:09:39 CET" skipped="0">
  <testcase classname="tests.KitapyurduTest" name="TC01" time="12.295"/>
  <system-out/>
  <testcase classname="tests.KitapyurduTest" name="TC06" time="30.196"/>
  <system-out/>
  <testcase classname="tests.KitapyurduTest" name="TC07" time="34.119"/>
  <system-out/>
  <testcase classname="tests.KitapyurduTest" name="TC04" time="16.775"/>
  <system-out/>
  <testcase classname="tests.KitapyurduTest" name="TC02" time="21.933"/>
  <system-out/>
  <testcase classname="tests.KitapyurduTest" name="TC03" time="19.706"/>
  <system-out/>
  <testcase classname="tests.KitapyurduTest" name="TC05" time="17.146"/>
  <system-out/>
  <testcase classname="tests.KitapyurduTest" name="TC08" time="25.079"/>
  <system-out/>
</testsuite> <!-- tests.KitapyurduTest -->
