<?xml version="1.0" encoding="UTF-8"?>
<!-- Generated by org.testng.reporters.JUnitReportReporter -->
<testsuite hostname="samet-PC" failures="0" tests="3" name="tests.DraggableTest" time="48.643" errors="0" timestamp="2021-03-12T21:04:52 CET" skipped="0">
  <testcase classname="tests.DraggableTest" name="Test03CursorStyle" time="15.479"/>
  <system-out/>
  <testcase classname="tests.DraggableTest" name="Test01defaultFunctionality" time="14.587"/>
  <system-out/>
  <testcase classname="tests.DraggableTest" name="Test02constrainMovement" time="18.577"/>
  <system-out/>
</testsuite> <!-- tests.DraggableTest -->
