<?xml version="1.0" encoding="UTF-8"?>
<!-- Generated by org.testng.reporters.JUnitReportReporter -->
<testsuite hostname="samet-PC" failures="0" tests="8" name="tests.KitapyurduTest" time="108.131" errors="0" timestamp="2021-01-11T11:26:11 CET" skipped="0">
  <testcase classname="tests.KitapyurduTest" name="TC07" time="20.384"/>
  <system-out/>
  <testcase classname="tests.KitapyurduTest" name="TC06" time="10.776"/>
  <system-out/>
  <testcase classname="tests.KitapyurduTest" name="TC05" time="10.265"/>
  <system-out/>
  <testcase classname="tests.KitapyurduTest" name="TC08" time="23.895"/>
  <system-out/>
  <testcase classname="tests.KitapyurduTest" name="TC02" time="13.172"/>
  <system-out/>
  <testcase classname="tests.KitapyurduTest" name="TC03" time="10.422"/>
  <system-out/>
  <testcase classname="tests.KitapyurduTest" name="TC04" time="10.135"/>
  <system-out/>
  <testcase classname="tests.KitapyurduTest" name="TC01" time="9.082"/>
  <system-out/>
</testsuite> <!-- tests.KitapyurduTest -->
