<?xml version="1.0" encoding="UTF-8"?>
<!-- Generated by org.testng.reporters.JUnitReportReporter -->
<testsuite hostname="samet-PC" failures="0" tests="3" name="tests.SelectableTest" time="53.775" errors="0" timestamp="2021-03-12T21:04:52 CET" skipped="0">
  <testcase classname="tests.SelectableTest" name="defaultFunctionality" time="17.235"/>
  <system-out/>
  <testcase classname="tests.SelectableTest" name="serialize" time="17.865"/>
  <system-out/>
  <testcase classname="tests.SelectableTest" name="displayAsGrid" time="18.675"/>
  <system-out/>
</testsuite> <!-- tests.SelectableTest -->
