<?xml version="1.0" encoding="UTF-8"?>
<!-- Generated by org.testng.reporters.JUnitReportReporter -->
<testsuite hostname="samet-PC" failures="0" tests="1" name="tests.DroppableTest" time="16.675" errors="0" timestamp="2021-03-12T21:04:52 CET" skipped="0">
  <testcase classname="tests.DroppableTest" name="dropableDefaultFunctionality" time="16.675"/>
  <system-out/>
</testsuite> <!-- tests.DroppableTest -->
