<?xml version="1.0" encoding="UTF-8"?>
<!-- Generated by org.testng.reporters.JUnitReportReporter -->
<testsuite hostname="samet-PC" failures="0" tests="1" name="tests.AutoCompleteTest" time="55.688" errors="0" timestamp="2021-03-12T21:04:52 CET" skipped="0">
  <testcase classname="tests.AutoCompleteTest" name="defaultFuncionality" time="55.688"/>
  <system-out/>
</testsuite> <!-- tests.AutoCompleteTest -->
